This is pdfTeX, Version 3.14159265-2.6-1.40.19 (MiKTeX 2.9.6745 64-bit) (preloaded format=pdflatex 2018.8.7)  27 MAR 2019 22:19
entering extended mode
**./thesis.tex
(thesis.tex
LaTeX2e <2018-04-01> patch level 5
(Classes/PhDThesisPSnPDF.cls
Document Class: Classes/PhDThesisPSnPDF 2016/10/20 A PhD thesis class file by K
rishna Kumar (v2.2.2)
https://github.com/kks32/phd-thesis-template/
PhDThesisPSnPDF: Font size is set as 12pt

Class PhDThesisPSnPDF Warning: Unknown or non-standard option 'fleqn'. I'll see
 if I can load it from the book class. If you get a warning unused global optio
n(s): `fleqn` then the option is not supported! on input line 247.

("C:\Users\Nasrul\AppData\Local\Programs\MiKTeX 2.9\tex\latex\base\book.cls"
Document Class: book 2014/09/29 v1.4h Standard LaTeX document class
("C:\Users\Nasrul\AppData\Local\Programs\MiKTeX 2.9\tex\latex\base\fleqn.clo"
File: fleqn.clo 2016/12/29 v1.2a Standard LaTeX option (flush left equations)
\mathindent=\dimen102
Applying: [2015/01/01] Make \[ robust on input line 50.
LaTeX Info: Redefining \[ on input line 51.
Already applied: [0000/00/00] Make \[ robust on input line 62.
Applying: [2015/01/01] Make \] robust on input line 74.
LaTeX Info: Redefining \] on input line 75.
Already applied: [0000/00/00] Make \] robust on input line 83.
)
("C:\Users\Nasrul\AppData\Local\Programs\MiKTeX 2.9\tex\latex\base\bk12.clo"
File: bk12.clo 2014/09/29 v1.4h Standard LaTeX file (size option)
)
\c@part=\count80
\c@chapter=\count81
\c@section=\count82
\c@subsection=\count83
\c@subsubsection=\count84
\c@paragraph=\count85
\c@subparagraph=\count86
\c@figure=\count87
\c@table=\count88
\abovecaptionskip=\skip41
\belowcaptionskip=\skip42
\bibindent=\dimen103
)
("C:\Users\Nasrul\AppData\Local\Programs\MiKTeX 2.9\tex\latex\graphics\lscape.s
ty"
Package: lscape 2000/10/22 v3.01 Landscape Pages (DPC)

("C:\Users\Nasrul\AppData\Local\Programs\MiKTeX 2.9\tex\latex\graphics\graphics
.sty"
Package: graphics 2017/06/25 v1.2c Standard LaTeX Graphics (DPC,SPQR)

("C:\Users\Nasrul\AppData\Local\Programs\MiKTeX 2.9\tex\latex\graphics\trig.sty
"
Package: trig 2016/01/03 v1.10 sin cos tan (DPC)
)
("C:\Users\Nasrul\AppData\Local\Programs\MiKTeX 2.9\tex\latex\graphics-cfg\grap
hics.cfg"
File: graphics.cfg 2016/06/04 v1.11 sample graphics configuration
)
Package graphics Info: Driver file: pdftex.def on input line 99.

("C:\Users\Nasrul\AppData\Local\Programs\MiKTeX 2.9\tex\latex\graphics-def\pdft
ex.def"
File: pdftex.def 2018/01/08 v1.0l Graphics/color driver for pdftex
)))
("C:\Users\Nasrul\AppData\Local\Programs\MiKTeX 2.9\tex\latex\setspace\setspace
.sty"
Package: setspace 2011/12/19 v6.7a set line spacing
)
("C:\Users\Nasrul\AppData\Local\Programs\MiKTeX 2.9\tex\latex\tools\calc.sty"
Package: calc 2017/05/25 v4.3 Infix arithmetic (KKT,FJ)
\calc@Acount=\count89
\calc@Bcount=\count90
\calc@Adimen=\dimen104
\calc@Bdimen=\dimen105
\calc@Askip=\skip43
\calc@Bskip=\skip44
LaTeX Info: Redefining \setlength on input line 80.
LaTeX Info: Redefining \addtolength on input line 81.
\calc@Ccount=\count91
\calc@Cskip=\skip45
)
("C:\Users\Nasrul\AppData\Local\Programs\MiKTeX 2.9\tex\latex\base\ifthen.sty"
Package: ifthen 2014/09/29 v1.1c Standard LaTeX ifthen package (DPC)
)
("C:\Users\Nasrul\AppData\Local\Programs\MiKTeX 2.9\tex\generic\oberdiek\ifpdf.
sty"
Package: ifpdf 2017/03/15 v3.2 Provides the ifpdf switch
)
("C:\Users\Nasrul\AppData\Local\Programs\MiKTeX 2.9\tex\generic\ifxetex\ifxetex
.sty"
Package: ifxetex 2010/09/12 v0.6 Provides ifxetex conditional
)
("C:\Users\Nasrul\AppData\Local\Programs\MiKTeX 2.9\tex\latex\tocbibind\tocbibi
nd.sty"
Package: tocbibind 2010/10/13 v1.5k extra ToC listings
Package tocbibind Info: The document has chapter divisions on input line 50.


Package tocbibind Note: Using chapter style headings, unless overridden.

)
("C:\Users\Nasrul\AppData\Local\Programs\MiKTeX 2.9\tex\latex\appendix\appendix
.sty"
Package: appendix 2009/09/02 v1.2b extra appendix facilities
\c@@pps=\count92
\c@@ppsavesec=\count93
\c@@ppsaveapp=\count94
)
("C:\Users\Nasrul\AppData\Local\Programs\MiKTeX 2.9\tex\latex\graphics\color.st
y"
Package: color 2016/07/10 v1.1e Standard LaTeX Color (DPC)

("C:\Users\Nasrul\AppData\Local\Programs\MiKTeX 2.9\tex\latex\graphics-cfg\colo
r.cfg"
File: color.cfg 2016/01/02 v1.6 sample color configuration
)
Package color Info: Driver file: pdftex.def on input line 147.

("C:\Users\Nasrul\AppData\Local\Programs\MiKTeX 2.9\tex\latex\graphics\dvipsnam
.def"
File: dvipsnam.def 2016/06/17 v3.0m Driver-dependent file (DPC,SPQR)
))
("C:\Users\Nasrul\AppData\Local\Programs\MiKTeX 2.9\tex\latex\oberdiek\epstopdf
.sty"
Package: epstopdf 2016/05/15 v2.6 Conversion with epstopdf on the fly (HO)

("C:\Users\Nasrul\AppData\Local\Programs\MiKTeX 2.9\tex\latex\oberdiek\epstopdf
-base.sty"
Package: epstopdf-base 2016/05/15 v2.6 Base part for package epstopdf

("C:\Users\Nasrul\AppData\Local\Programs\MiKTeX 2.9\tex\generic\oberdiek\infwar
err.sty"
Package: infwarerr 2016/05/16 v1.4 Providing info/warning/error messages (HO)
)
("C:\Users\Nasrul\AppData\Local\Programs\MiKTeX 2.9\tex\latex\oberdiek\grfext.s
ty"
Package: grfext 2016/05/16 v1.2 Manage graphics extensions (HO)

("C:\Users\Nasrul\AppData\Local\Programs\MiKTeX 2.9\tex\generic\oberdiek\kvdefi
nekeys.sty"
Package: kvdefinekeys 2016/05/16 v1.4 Define keys (HO)

("C:\Users\Nasrul\AppData\Local\Programs\MiKTeX 2.9\tex\generic\oberdiek\ltxcmd
s.sty"
Package: ltxcmds 2016/05/16 v1.23 LaTeX kernel commands for general use (HO)
)))
("C:\Users\Nasrul\AppData\Local\Programs\MiKTeX 2.9\tex\latex\oberdiek\kvoption
s.sty"
Package: kvoptions 2016/05/16 v3.12 Key value format for package options (HO)

("C:\Users\Nasrul\AppData\Local\Programs\MiKTeX 2.9\tex\latex\graphics\keyval.s
ty"
Package: keyval 2014/10/28 v1.15 key=value parser (DPC)
\KV@toks@=\toks14
)
("C:\Users\Nasrul\AppData\Local\Programs\MiKTeX 2.9\tex\generic\oberdiek\kvsetk
eys.sty"
Package: kvsetkeys 2016/05/16 v1.17 Key value parser (HO)

("C:\Users\Nasrul\AppData\Local\Programs\MiKTeX 2.9\tex\generic\oberdiek\etexcm
ds.sty"
Package: etexcmds 2016/05/16 v1.6 Avoid name clashes with e-TeX commands (HO)

("C:\Users\Nasrul\AppData\Local\Programs\MiKTeX 2.9\tex\generic\oberdiek\ifluat
ex.sty"
Package: ifluatex 2016/05/16 v1.4 Provides the ifluatex switch (HO)
Package ifluatex Info: LuaTeX not detected.
)
Package etexcmds Info: Could not find \expanded.
(etexcmds)             That can mean that you are not using pdfTeX 1.50 or
(etexcmds)             that some package has redefined \expanded.
(etexcmds)             In the latter case, load this package earlier.
)))
("C:\Users\Nasrul\AppData\Local\Programs\MiKTeX 2.9\tex\generic\oberdiek\pdftex
cmds.sty"
Package: pdftexcmds 2018/01/30 v0.27 Utility functions of pdfTeX for LuaTeX (HO
)
Package pdftexcmds Info: LuaTeX not detected.
Package pdftexcmds Info: \pdf@primitive is available.
Package pdftexcmds Info: \pdf@ifprimitive is available.
Package pdftexcmds Info: \pdfdraftmode found.
)
Package epstopdf-base Info: Redefining graphics rule for `.eps' on input line 4
38.
Package grfext Info: Graphics extension search list:
(grfext)             [.pdf,.png,.jpg,.mps,.jpeg,.jbig2,.jb2,.PDF,.PNG,.JPG,.JPE
G,.JBIG2,.JB2,.eps]
(grfext)             \AppendGraphicsExtensions on input line 456.
))
("C:\Users\Nasrul\AppData\Local\Programs\MiKTeX 2.9\tex\latex\graphics\graphicx
.sty"
Package: graphicx 2017/06/01 v1.1a Enhanced LaTeX Graphics (DPC,SPQR)
\Gin@req@height=\dimen106
\Gin@req@width=\dimen107
)
("C:\Users\Nasrul\AppData\Local\Programs\MiKTeX 2.9\tex\latex\datetime\datetime
.sty"
Package: datetime 2015/03/20 v2.60 Date Time Package

("C:\Users\Nasrul\AppData\Local\Programs\MiKTeX 2.9\tex\latex\etoolbox\etoolbox
.sty"
Package: etoolbox 2018/02/11 v2.5e e-TeX tools for LaTeX (JAW)
\etb@tempcnta=\count95
)
("C:\Users\Nasrul\AppData\Local\Programs\MiKTeX 2.9\tex\latex\fmtcount\fmtcount
.sty"
Package: fmtcount 2017/12/24 v3.05

("C:\Users\Nasrul\AppData\Local\Programs\MiKTeX 2.9\tex\latex\xkeyval\xkeyval.s
ty"
Package: xkeyval 2014/12/03 v2.7a package option processing (HA)

("C:\Users\Nasrul\AppData\Local\Programs\MiKTeX 2.9\tex\generic\xkeyval\xkeyval
.tex"
("C:\Users\Nasrul\AppData\Local\Programs\MiKTeX 2.9\tex\generic\xkeyval\xkvutil
s.tex"
\XKV@toks=\toks15
\XKV@tempa@toks=\toks16
)
\XKV@depth=\count96
File: xkeyval.tex 2014/12/03 v2.7a key=value parser (HA)
))
("C:\Users\Nasrul\AppData\Local\Programs\MiKTeX 2.9\tex\latex\fmtcount\fcprefix
.sty"
Package: fcprefix 2012/09/28

("C:\Users\Nasrul\AppData\Local\Programs\MiKTeX 2.9\tex\latex\fmtcount\fcnumpar
ser.sty"
Package: fcnumparser 2017/06/15
\fc@digit@counter=\count97
))
("C:\Users\Nasrul\AppData\Local\Programs\MiKTeX 2.9\tex\latex\amsmath\amsgen.st
y"
File: amsgen.sty 1999/11/30 v2.0 generic functions
\@emptytoks=\toks17
\ex@=\dimen108
)
\c@padzeroesN=\count98
\fc@tmpcatcode=\count99
\@DT@modctr=\count100
\@ordinalctr=\count101
\@orgargctr=\count102
\@strctr=\count103
\@tmpstrctr=\count104
\@DT@loopN=\count105
\@DT@X=\count106
)
("C:\Users\Nasrul\AppData\Local\Programs\MiKTeX 2.9\tex\latex\datetime\datetime
-defaults.sty"
Package: datetime-defaults 2013/09/10
)
\@day=\count107
\@month=\count108
\@year=\count109
\c@HOUR=\count110
\c@HOURXII=\count111
\c@MINUTE=\count112
\c@TOHOUR=\count113
\c@TOMINUTE=\count114
\c@SECOND=\count115
\currenthour=\count116
\currentminute=\count117
\currentsecond=\count118
Package datetime Info: No datetime.cfg file found, using default settings on in
put line 308.
\@dtctr=\count119
\dayofyear=\count120
\dayofweek=\count121
LaTeX Info: Redefining \today on input line 736.
\dt@a=\toks18
\dt@b=\toks19
)
\PHD@hour=\count122
\PHD@minute=\count123

("C:\Users\Nasrul\AppData\Local\Programs\MiKTeX 2.9\tex\latex\natbib\natbib.sty
"
Package: natbib 2010/09/13 8.31b (PWD, AO)
\bibhang=\skip46
\bibsep=\skip47
LaTeX Info: Redefining \cite on input line 694.
\c@NAT@ctr=\count124
)
("C:\Users\Nasrul\AppData\Local\Programs\MiKTeX 2.9\tex\latex\base\textcomp.sty
"
Package: textcomp 2017/04/05 v2.0i Standard LaTeX package
Package textcomp Info: Sub-encoding information:
(textcomp)               5 = only ISO-Adobe without \textcurrency
(textcomp)               4 = 5 + \texteuro
(textcomp)               3 = 4 + \textohm
(textcomp)               2 = 3 + \textestimated + \textcurrency
(textcomp)               1 = TS1 - \textcircled - \t
(textcomp)               0 = TS1 (full)
(textcomp)             Font families with sub-encoding setting implement
(textcomp)             only a restricted character set as indicated.
(textcomp)             Family '?' is the default used for unknown fonts.
(textcomp)             See the documentation for details.
Package textcomp Info: Setting ? sub-encoding to TS1/1 on input line 79.
 ("C:\Users\Nasrul\AppData\Local\Programs\MiKTeX 2.9\tex\latex\base\ts1enc.def"
File: ts1enc.def 2001/06/05 v3.0e (jk/car/fm) Standard LaTeX file
Now handling font encoding TS1 ...
... processing UTF-8 mapping file for font encoding TS1
 ("C:\Users\Nasrul\AppData\Local\Programs\MiKTeX 2.9\tex\latex\base\ts1enc.dfu"
File: ts1enc.dfu 2018/04/05 v1.2c UTF-8 support for inputenc
   defining Unicode char U+00A2 (decimal 162)
   defining Unicode char U+00A3 (decimal 163)
   defining Unicode char U+00A4 (decimal 164)
   defining Unicode char U+00A5 (decimal 165)
   defining Unicode char U+00A6 (decimal 166)
   defining Unicode char U+00A7 (decimal 167)
   defining Unicode char U+00A8 (decimal 168)
   defining Unicode char U+00A9 (decimal 169)
   defining Unicode char U+00AA (decimal 170)
   defining Unicode char U+00AC (decimal 172)
   defining Unicode char U+00AE (decimal 174)
   defining Unicode char U+00AF (decimal 175)
   defining Unicode char U+00B0 (decimal 176)
   defining Unicode char U+00B1 (decimal 177)
   defining Unicode char U+00B2 (decimal 178)
   defining Unicode char U+00B3 (decimal 179)
   defining Unicode char U+00B4 (decimal 180)
   defining Unicode char U+00B5 (decimal 181)
   defining Unicode char U+00B6 (decimal 182)
   defining Unicode char U+00B7 (decimal 183)
   defining Unicode char U+00B9 (decimal 185)
   defining Unicode char U+00BA (decimal 186)
   defining Unicode char U+00BC (decimal 188)
   defining Unicode char U+00BD (decimal 189)
   defining Unicode char U+00BE (decimal 190)
   defining Unicode char U+00D7 (decimal 215)
   defining Unicode char U+00F7 (decimal 247)
   defining Unicode char U+0192 (decimal 402)
   defining Unicode char U+02C7 (decimal 711)
   defining Unicode char U+02D8 (decimal 728)
   defining Unicode char U+02DD (decimal 733)
   defining Unicode char U+0E3F (decimal 3647)
   defining Unicode char U+2016 (decimal 8214)
   defining Unicode char U+2020 (decimal 8224)
   defining Unicode char U+2021 (decimal 8225)
   defining Unicode char U+2022 (decimal 8226)
   defining Unicode char U+2030 (decimal 8240)
   defining Unicode char U+2031 (decimal 8241)
   defining Unicode char U+203B (decimal 8251)
   defining Unicode char U+203D (decimal 8253)
   defining Unicode char U+2044 (decimal 8260)
   defining Unicode char U+204E (decimal 8270)
   defining Unicode char U+2052 (decimal 8274)
   defining Unicode char U+20A1 (decimal 8353)
   defining Unicode char U+20A4 (decimal 8356)
   defining Unicode char U+20A6 (decimal 8358)
   defining Unicode char U+20A9 (decimal 8361)
   defining Unicode char U+20AB (decimal 8363)
   defining Unicode char U+20AC (decimal 8364)
   defining Unicode char U+20B1 (decimal 8369)
   defining Unicode char U+2103 (decimal 8451)
   defining Unicode char U+2116 (decimal 8470)
   defining Unicode char U+2117 (decimal 8471)
   defining Unicode char U+211E (decimal 8478)
   defining Unicode char U+2120 (decimal 8480)
   defining Unicode char U+2122 (decimal 8482)
   defining Unicode char U+2126 (decimal 8486)
   defining Unicode char U+2127 (decimal 8487)
   defining Unicode char U+212E (decimal 8494)
   defining Unicode char U+2190 (decimal 8592)
   defining Unicode char U+2191 (decimal 8593)
   defining Unicode char U+2192 (decimal 8594)
   defining Unicode char U+2193 (decimal 8595)
   defining Unicode char U+2329 (decimal 9001)
   defining Unicode char U+232A (decimal 9002)
   defining Unicode char U+2422 (decimal 9250)
   defining Unicode char U+25E6 (decimal 9702)
   defining Unicode char U+25EF (decimal 9711)
   defining Unicode char U+266A (decimal 9834)
   defining Unicode char U+FEFF (decimal 65279)
))
LaTeX Info: Redefining \oldstylenums on input line 334.
Package textcomp Info: Setting cmr sub-encoding to TS1/0 on input line 349.
Package textcomp Info: Setting cmss sub-encoding to TS1/0 on input line 350.
Package textcomp Info: Setting cmtt sub-encoding to TS1/0 on input line 351.
Package textcomp Info: Setting cmvtt sub-encoding to TS1/0 on input line 352.
Package textcomp Info: Setting cmbr sub-encoding to TS1/0 on input line 353.
Package textcomp Info: Setting cmtl sub-encoding to TS1/0 on input line 354.
Package textcomp Info: Setting ccr sub-encoding to TS1/0 on input line 355.
Package textcomp Info: Setting ptm sub-encoding to TS1/4 on input line 356.
Package textcomp Info: Setting pcr sub-encoding to TS1/4 on input line 357.
Package textcomp Info: Setting phv sub-encoding to TS1/4 on input line 358.
Package textcomp Info: Setting ppl sub-encoding to TS1/3 on input line 359.
Package textcomp Info: Setting pag sub-encoding to TS1/4 on input line 360.
Package textcomp Info: Setting pbk sub-encoding to TS1/4 on input line 361.
Package textcomp Info: Setting pnc sub-encoding to TS1/4 on input line 362.
Package textcomp Info: Setting pzc sub-encoding to TS1/4 on input line 363.
Package textcomp Info: Setting bch sub-encoding to TS1/4 on input line 364.
Package textcomp Info: Setting put sub-encoding to TS1/5 on input line 365.
Package textcomp Info: Setting uag sub-encoding to TS1/5 on input line 366.
Package textcomp Info: Setting ugq sub-encoding to TS1/5 on input line 367.
Package textcomp Info: Setting ul8 sub-encoding to TS1/4 on input line 368.
Package textcomp Info: Setting ul9 sub-encoding to TS1/4 on input line 369.
Package textcomp Info: Setting augie sub-encoding to TS1/5 on input line 370.
Package textcomp Info: Setting dayrom sub-encoding to TS1/3 on input line 371.
Package textcomp Info: Setting dayroms sub-encoding to TS1/3 on input line 372.

Package textcomp Info: Setting pxr sub-encoding to TS1/0 on input line 373.
Package textcomp Info: Setting pxss sub-encoding to TS1/0 on input line 374.
Package textcomp Info: Setting pxtt sub-encoding to TS1/0 on input line 375.
Package textcomp Info: Setting txr sub-encoding to TS1/0 on input line 376.
Package textcomp Info: Setting txss sub-encoding to TS1/0 on input line 377.
Package textcomp Info: Setting txtt sub-encoding to TS1/0 on input line 378.
Package textcomp Info: Setting lmr sub-encoding to TS1/0 on input line 379.
Package textcomp Info: Setting lmdh sub-encoding to TS1/0 on input line 380.
Package textcomp Info: Setting lmss sub-encoding to TS1/0 on input line 381.
Package textcomp Info: Setting lmssq sub-encoding to TS1/0 on input line 382.
Package textcomp Info: Setting lmvtt sub-encoding to TS1/0 on input line 383.
Package textcomp Info: Setting lmtt sub-encoding to TS1/0 on input line 384.
Package textcomp Info: Setting qhv sub-encoding to TS1/0 on input line 385.
Package textcomp Info: Setting qag sub-encoding to TS1/0 on input line 386.
Package textcomp Info: Setting qbk sub-encoding to TS1/0 on input line 387.
Package textcomp Info: Setting qcr sub-encoding to TS1/0 on input line 388.
Package textcomp Info: Setting qcs sub-encoding to TS1/0 on input line 389.
Package textcomp Info: Setting qpl sub-encoding to TS1/0 on input line 390.
Package textcomp Info: Setting qtm sub-encoding to TS1/0 on input line 391.
Package textcomp Info: Setting qzc sub-encoding to TS1/0 on input line 392.
Package textcomp Info: Setting qhvc sub-encoding to TS1/0 on input line 393.
Package textcomp Info: Setting futs sub-encoding to TS1/4 on input line 394.
Package textcomp Info: Setting futx sub-encoding to TS1/4 on input line 395.
Package textcomp Info: Setting futj sub-encoding to TS1/4 on input line 396.
Package textcomp Info: Setting hlh sub-encoding to TS1/3 on input line 397.
Package textcomp Info: Setting hls sub-encoding to TS1/3 on input line 398.
Package textcomp Info: Setting hlst sub-encoding to TS1/3 on input line 399.
Package textcomp Info: Setting hlct sub-encoding to TS1/5 on input line 400.
Package textcomp Info: Setting hlx sub-encoding to TS1/5 on input line 401.
Package textcomp Info: Setting hlce sub-encoding to TS1/5 on input line 402.
Package textcomp Info: Setting hlcn sub-encoding to TS1/5 on input line 403.
Package textcomp Info: Setting hlcw sub-encoding to TS1/5 on input line 404.
Package textcomp Info: Setting hlcf sub-encoding to TS1/5 on input line 405.
Package textcomp Info: Setting pplx sub-encoding to TS1/3 on input line 406.
Package textcomp Info: Setting pplj sub-encoding to TS1/3 on input line 407.
Package textcomp Info: Setting ptmx sub-encoding to TS1/4 on input line 408.
Package textcomp Info: Setting ptmj sub-encoding to TS1/4 on input line 409.
)
("C:\Users\Nasrul\AppData\Local\Programs\MiKTeX 2.9\tex\latex\psnfss\mathptmx.s
ty"
Package: mathptmx 2005/04/12 PSNFSS-v9.2a Times w/ Math, improved (SPQR, WaS) 
LaTeX Font Info:    Redeclaring symbol font `operators' on input line 28.
LaTeX Font Info:    Overwriting symbol font `operators' in version `normal'
(Font)                  OT1/cmr/m/n --> OT1/ztmcm/m/n on input line 28.
LaTeX Font Info:    Overwriting symbol font `operators' in version `bold'
(Font)                  OT1/cmr/bx/n --> OT1/ztmcm/m/n on input line 28.
LaTeX Font Info:    Redeclaring symbol font `letters' on input line 29.
LaTeX Font Info:    Overwriting symbol font `letters' in version `normal'
(Font)                  OML/cmm/m/it --> OML/ztmcm/m/it on input line 29.
LaTeX Font Info:    Overwriting symbol font `letters' in version `bold'
(Font)                  OML/cmm/b/it --> OML/ztmcm/m/it on input line 29.
LaTeX Font Info:    Redeclaring symbol font `symbols' on input line 30.
LaTeX Font Info:    Overwriting symbol font `symbols' in version `normal'
(Font)                  OMS/cmsy/m/n --> OMS/ztmcm/m/n on input line 30.
LaTeX Font Info:    Overwriting symbol font `symbols' in version `bold'
(Font)                  OMS/cmsy/b/n --> OMS/ztmcm/m/n on input line 30.
LaTeX Font Info:    Redeclaring symbol font `largesymbols' on input line 31.
LaTeX Font Info:    Overwriting symbol font `largesymbols' in version `normal'
(Font)                  OMX/cmex/m/n --> OMX/ztmcm/m/n on input line 31.
LaTeX Font Info:    Overwriting symbol font `largesymbols' in version `bold'
(Font)                  OMX/cmex/m/n --> OMX/ztmcm/m/n on input line 31.
\symbold=\mathgroup4
\symitalic=\mathgroup5
LaTeX Font Info:    Redeclaring math alphabet \mathbf on input line 34.
LaTeX Font Info:    Overwriting math alphabet `\mathbf' in version `normal'
(Font)                  OT1/cmr/bx/n --> OT1/ptm/bx/n on input line 34.
LaTeX Font Info:    Overwriting math alphabet `\mathbf' in version `bold'
(Font)                  OT1/cmr/bx/n --> OT1/ptm/bx/n on input line 34.
LaTeX Font Info:    Redeclaring math alphabet \mathit on input line 35.
LaTeX Font Info:    Overwriting math alphabet `\mathit' in version `normal'
(Font)                  OT1/cmr/m/it --> OT1/ptm/m/it on input line 35.
LaTeX Font Info:    Overwriting math alphabet `\mathit' in version `bold'
(Font)                  OT1/cmr/bx/it --> OT1/ptm/m/it on input line 35.
LaTeX Info: Redefining \hbar on input line 50.
) PhDThesisPSnPDF: Using Times Roman font
("C:\Users\Nasrul\AppData\Local\Programs\MiKTeX 2.9\tex\latex\base\inputenc.sty
"
Package: inputenc 2018/04/06 v1.3b Input encoding file
\inpenc@prehook=\toks20
\inpenc@posthook=\toks21
)
("C:\Users\Nasrul\AppData\Local\Programs\MiKTeX 2.9\tex\latex\base\fontenc.sty"
Package: fontenc 2017/04/05 v2.0i Standard LaTeX package
("C:\Users\Nasrul\AppData\Local\Programs\MiKTeX 2.9\tex\latex\base\t1enc.def"
File: t1enc.def 2017/04/05 v2.0i Standard LaTeX file
LaTeX Font Info:    Redeclaring font encoding T1 on input line 48.
))
("C:\Users\Nasrul\AppData\Local\Programs\MiKTeX 2.9\tex\latex\microtype\microty
pe.sty"
Package: microtype 2018/01/14 v2.7a Micro-typographical refinements (RS)
\MT@toks=\toks22
\MT@count=\count125
LaTeX Info: Redefining \textls on input line 793.
\MT@outer@kern=\dimen109
LaTeX Info: Redefining \textmicrotypecontext on input line 1339.
\MT@listname@count=\count126

("C:\Users\Nasrul\AppData\Local\Programs\MiKTeX 2.9\tex\latex\microtype\microty
pe-pdftex.def"
File: microtype-pdftex.def 2018/01/14 v2.7a Definitions specific to pdftex (RS)

LaTeX Info: Redefining \lsstyle on input line 913.
LaTeX Info: Redefining \lslig on input line 913.
\MT@outer@space=\skip48
)
Package microtype Info: Loading configuration file microtype.cfg.

("C:\Users\Nasrul\AppData\Local\Programs\MiKTeX 2.9\tex\latex\microtype\microty
pe.cfg"
File: microtype.cfg 2018/01/14 v2.7a microtype main configuration file (RS)
))
("C:\Users\Nasrul\AppData\Local\Programs\MiKTeX 2.9\tex\generic\pdftex\glyphtou
nicode.tex")
("C:\Users\Nasrul\AppData\Local\Programs\MiKTeX 2.9\tex\latex\amsfonts\amsfonts
.sty"
Package: amsfonts 2013/01/14 v3.01 Basic AMSFonts support
\symAMSa=\mathgroup6
\symAMSb=\mathgroup7
LaTeX Font Info:    Overwriting math alphabet `\mathfrak' in version `bold'
(Font)                  U/euf/m/n --> U/euf/b/n on input line 106.
)
("C:\Users\Nasrul\AppData\Local\Programs\MiKTeX 2.9\tex\latex\amsmath\amsmath.s
ty"
Package: amsmath 2017/09/02 v2.17a AMS math features
\@mathmargin=\skip49

For additional information on amsmath, use the `?' option.

("C:\Users\Nasrul\AppData\Local\Programs\MiKTeX 2.9\tex\latex\amsmath\amstext.s
ty"
Package: amstext 2000/06/29 v2.01 AMS text
)
("C:\Users\Nasrul\AppData\Local\Programs\MiKTeX 2.9\tex\latex\amsmath\amsbsy.st
y"
Package: amsbsy 1999/11/29 v1.2d Bold Symbols
\pmbraise@=\dimen110
)
("C:\Users\Nasrul\AppData\Local\Programs\MiKTeX 2.9\tex\latex\amsmath\amsopn.st
y"
Package: amsopn 2016/03/08 v2.02 operator names
)
\inf@bad=\count127
LaTeX Info: Redefining \frac on input line 213.
\uproot@=\count128
\leftroot@=\count129
LaTeX Info: Redefining \overline on input line 375.
\classnum@=\count130
\DOTSCASE@=\count131
LaTeX Info: Redefining \ldots on input line 472.
LaTeX Info: Redefining \dots on input line 475.
LaTeX Info: Redefining \cdots on input line 596.
\Mathstrutbox@=\box26
\strutbox@=\box27
\big@size=\dimen111
LaTeX Font Info:    Redeclaring font encoding OML on input line 712.
LaTeX Font Info:    Redeclaring font encoding OMS on input line 713.
\macc@depth=\count132
\c@MaxMatrixCols=\count133
\dotsspace@=\muskip10
\c@parentequation=\count134
\dspbrk@lvl=\count135
\tag@help=\toks23
\row@=\count136
\column@=\count137
\maxfields@=\count138
\andhelp@=\toks24
\eqnshift@=\dimen112
\alignsep@=\dimen113
\tagshift@=\dimen114
\tagwidth@=\dimen115
\totwidth@=\dimen116
\lineht@=\dimen117
\@envbody=\toks25
\multlinegap=\skip50
\multlinetaggap=\skip51
\mathdisplay@stack=\toks26
LaTeX Info: Redefining \[ on input line 2817.
LaTeX Info: Redefining \] on input line 2818.
)
("C:\Users\Nasrul\AppData\Local\Programs\MiKTeX 2.9\tex\latex\amsfonts\amssymb.
sty"
Package: amssymb 2013/01/14 v3.01 AMS font symbols
)
("C:\Users\Nasrul\AppData\Local\Programs\MiKTeX 2.9\tex\latex\hyperref\hyperref
.sty"
Package: hyperref 2018/02/06 v6.86b Hypertext links for LaTeX

("C:\Users\Nasrul\AppData\Local\Programs\MiKTeX 2.9\tex\generic\oberdiek\hobsub
-hyperref.sty"
Package: hobsub-hyperref 2016/05/16 v1.14 Bundle oberdiek, subset hyperref (HO)


("C:\Users\Nasrul\AppData\Local\Programs\MiKTeX 2.9\tex\generic\oberdiek\hobsub
-generic.sty"
Package: hobsub-generic 2016/05/16 v1.14 Bundle oberdiek, subset generic (HO)
Package: hobsub 2016/05/16 v1.14 Construct package bundles (HO)
Package hobsub Info: Skipping package `infwarerr' (already loaded).
Package hobsub Info: Skipping package `ltxcmds' (already loaded).
Package hobsub Info: Skipping package `ifluatex' (already loaded).
Package: ifvtex 2016/05/16 v1.6 Detect VTeX and its facilities (HO)
Package ifvtex Info: VTeX not detected.
Package: intcalc 2016/05/16 v1.2 Expandable calculations with integers (HO)
Package hobsub Info: Skipping package `ifpdf' (already loaded).
Package hobsub Info: Skipping package `etexcmds' (already loaded).
Package hobsub Info: Skipping package `kvsetkeys' (already loaded).
Package hobsub Info: Skipping package `kvdefinekeys' (already loaded).
Package hobsub Info: Skipping package `pdftexcmds' (already loaded).
Package: pdfescape 2016/05/16 v1.14 Implements pdfTeX's escape features (HO)
Package: bigintcalc 2016/05/16 v1.4 Expandable calculations on big integers (HO
)
Package: bitset 2016/05/16 v1.2 Handle bit-vector datatype (HO)
Package: uniquecounter 2016/05/16 v1.3 Provide unlimited unique counter (HO)
)
Package hobsub Info: Skipping package `hobsub' (already loaded).
Package: letltxmacro 2016/05/16 v1.5 Let assignment for LaTeX macros (HO)
Package: hopatch 2016/05/16 v1.3 Wrapper for package hooks (HO)
Package: xcolor-patch 2016/05/16 xcolor patch
Package: atveryend 2016/05/16 v1.9 Hooks at the very end of document (HO)
Package: atbegshi 2016/06/09 v1.18 At begin shipout hook (HO)
Package: refcount 2016/05/16 v3.5 Data extraction from label references (HO)
Package: hycolor 2016/05/16 v1.8 Color options for hyperref/bookmark (HO)
)
("C:\Users\Nasrul\AppData\Local\Programs\MiKTeX 2.9\tex\latex\oberdiek\auxhook.
sty"
Package: auxhook 2016/05/16 v1.4 Hooks for auxiliary files (HO)
)
\@linkdim=\dimen118
\Hy@linkcounter=\count139
\Hy@pagecounter=\count140

("C:\Users\Nasrul\AppData\Local\Programs\MiKTeX 2.9\tex\latex\hyperref\pd1enc.d
ef"
File: pd1enc.def 2018/02/06 v6.86b Hyperref: PDFDocEncoding definition (HO)
Now handling font encoding PD1 ...
... no UTF-8 mapping file for font encoding PD1
)
\Hy@SavedSpaceFactor=\count141

("C:\Users\Nasrul\AppData\Local\Programs\MiKTeX 2.9\tex\latex\00miktex\hyperref
.cfg"
File: hyperref.cfg 2002/06/06 v1.2 hyperref configuration of TeXLive
)
Package hyperref Info: Option `unicode' set `true' on input line 4383.

("C:\Users\Nasrul\AppData\Local\Programs\MiKTeX 2.9\tex\latex\hyperref\puenc.de
f"
File: puenc.def 2018/02/06 v6.86b Hyperref: PDF Unicode definition (HO)
Now handling font encoding PU ...
... no UTF-8 mapping file for font encoding PU
)
Package hyperref Info: Hyper figures OFF on input line 4509.
Package hyperref Info: Link nesting OFF on input line 4514.
Package hyperref Info: Hyper index ON on input line 4517.
Package hyperref Info: Plain pages OFF on input line 4524.
Package hyperref Info: Backreferencing OFF on input line 4529.
Package hyperref Info: Implicit mode ON; LaTeX internals redefined.
Package hyperref Info: Bookmarks ON on input line 4762.
\c@Hy@tempcnt=\count142
 ("C:\Users\Nasrul\AppData\Local\Programs\MiKTeX 2.9\tex\latex\url\url.sty"
\Urlmuskip=\muskip11
Package: url 2013/09/16  ver 3.4  Verb mode for urls, etc.
)
LaTeX Info: Redefining \url on input line 5115.
\XeTeXLinkMargin=\dimen119
\Fld@menulength=\count143
\Field@Width=\dimen120
\Fld@charsize=\dimen121
Package hyperref Info: Hyper figures OFF on input line 6369.
Package hyperref Info: Link nesting OFF on input line 6374.
Package hyperref Info: Hyper index ON on input line 6377.
Package hyperref Info: backreferencing OFF on input line 6384.
Package hyperref Info: Link coloring OFF on input line 6389.
Package hyperref Info: Link coloring with OCG OFF on input line 6394.
Package hyperref Info: PDF/A mode OFF on input line 6399.
LaTeX Info: Redefining \ref on input line 6439.
LaTeX Info: Redefining \pageref on input line 6443.
\Hy@abspage=\count144
\c@Item=\count145
\c@Hfootnote=\count146
)
Package hyperref Info: Driver (autodetected): hpdftex.

("C:\Users\Nasrul\AppData\Local\Programs\MiKTeX 2.9\tex\latex\hyperref\hpdftex.
def"
File: hpdftex.def 2018/02/06 v6.86b Hyperref driver for pdfTeX
\Fld@listcount=\count147
\c@bookmark@seq@number=\count148

("C:\Users\Nasrul\AppData\Local\Programs\MiKTeX 2.9\tex\latex\oberdiek\rerunfil
echeck.sty"
Package: rerunfilecheck 2016/05/16 v1.8 Rerun checks for auxiliary files (HO)
Package uniquecounter Info: New unique counter `rerunfilecheck' on input line 2
82.
)
\Hy@SectionHShift=\skip52
)
Package hyperref Info: Option `final' set `true' on input line 650.
Package hyperref Info: Option `plainpages' set `false' on input line 650.
Package hyperref Info: Option `pdftoolbar' set `true' on input line 650.
Package hyperref Info: Option `pdfmenubar' set `true' on input line 650.
Package hyperref Info: Option `bookmarksopen' set `true' on input line 650.
Package hyperref Info: Option `bookmarksnumbered' set `true' on input line 650.

Package hyperref Info: Option `breaklinks' set `true' on input line 650.
Package hyperref Info: Option `linktocpage' set `true' on input line 650.
Package hyperref Info: Option `colorlinks' set `true' on input line 650.

PhDThesisPSnPDF: The University identity guidelines recommend using left aligne
d text. Please use `flushleft' in the documentclass option, if you wish to left
 align your text
("C:\Users\Nasrul\AppData\Local\Programs\MiKTeX 2.9\tex\latex\fancyhdr\fancyhdr
.sty"
Package: fancyhdr 2017/06/30 v3.9a Extensive control of page headers and footer
s
\f@nch@headwidth=\skip53
\f@nch@O@elh=\skip54
\f@nch@O@erh=\skip55
\f@nch@O@olh=\skip56
\f@nch@O@orh=\skip57
\f@nch@O@elf=\skip58
\f@nch@O@erf=\skip59
\f@nch@O@olf=\skip60
\f@nch@O@orf=\skip61
)
("C:\Users\Nasrul\AppData\Local\Programs\MiKTeX 2.9\tex\latex\tools\afterpage.s
ty"
Package: afterpage 2014/10/28 v1.08 After-Page Package (DPC)
\AP@output=\toks27
\AP@partial=\box28
\AP@footins=\box29
)
("C:\Users\Nasrul\AppData\Local\Programs\MiKTeX 2.9\tex\latex\nomencl\nomencl.s
ty"
Package: nomencl 2005/09/22 v4.2 Nomenclature package (LN)
\nomlabelwidth=\dimen122
\nom@tempdim=\dimen123
\nomitemsep=\skip62
)
\@nomenclaturefile=\write3
\openout3 = `thesis.nlo'.


Writing nomenclature file thesis.nlo
("C:\Users\Nasrul\AppData\Local\Programs\MiKTeX 2.9\tex\latex\base\makeidx.sty"
Package: makeidx 2014/09/29 v1.0m Standard LaTeX package
)
\@indexfile=\write4
\openout4 = `thesis.idx'.


Writing index file thesis.idx
)
("C:\Users\Nasrul\AppData\Local\Programs\MiKTeX 2.9\tex\latex\pdfpages\pdfpages
.sty"
Package: pdfpages 2017/10/31 v0.5l Insert pages of external PDF documents (AM)

("C:\Users\Nasrul\AppData\Local\Programs\MiKTeX 2.9\tex\latex\eso-pic\eso-pic.s
ty"
Package: eso-pic 2018/04/12 v2.0h eso-pic (RN)
)
\AM@pagewidth=\dimen124
\AM@pageheight=\dimen125

("C:\Users\Nasrul\AppData\Local\Programs\MiKTeX 2.9\tex\latex\pdfpages\pppdftex
.def"
File: pppdftex.def 2017/10/31 v0.5l Pdfpages driver for pdfTeX (AM)
)
\AM@pagebox=\box30
\AM@global@opts=\toks28
\AM@toc@title=\toks29
\c@AM@survey=\count149
\AM@templatesizebox=\box31
) (Preamble/preamble.tex
("C:\Users\Nasrul\AppData\Local\Programs\MiKTeX 2.9\tex\latex\geometry\geometry
.sty"
Package: geometry 2018/04/16 v5.8 Page Geometry
\Gm@cnth=\count150
\Gm@cntv=\count151
\c@Gm@tempcnt=\count152
\Gm@bindingoffset=\dimen126
\Gm@wd@mp=\dimen127
\Gm@odd@mp=\dimen128
\Gm@even@mp=\dimen129
\Gm@layoutwidth=\dimen130
\Gm@layoutheight=\dimen131
\Gm@layouthoffset=\dimen132
\Gm@layoutvoffset=\dimen133
\Gm@dimlist=\toks30

("C:\Users\Nasrul\AppData\Local\Programs\MiKTeX 2.9\tex\latex\geometry\geometry
.cfg"))
("C:\Users\Nasrul\AppData\Local\Programs\MiKTeX 2.9\tex\latex\enumitem\enumitem
.sty"
Package: enumitem 2011/09/28 v3.5.2 Customized lists
\labelindent=\skip63
\enit@outerparindent=\dimen134
\enit@toks=\toks31
\enit@inbox=\box32
\enitdp@description=\count153
)
("C:\Users\Nasrul\AppData\Local\Programs\MiKTeX 2.9\tex\latex\caption\caption.s
ty"
Package: caption 2018/05/01 v3.3-147 Customizing captions (AR)

("C:\Users\Nasrul\AppData\Local\Programs\MiKTeX 2.9\tex\latex\caption\caption3.
sty"
Package: caption3 2018/05/27 v1.8a caption3 kernel (AR)
Package caption3 Info: TeX engine: e-TeX on input line 64.
\captionmargin=\dimen135
\captionmargin@=\dimen136
\captionwidth=\dimen137
\caption@tempdima=\dimen138
\caption@indent=\dimen139
\caption@parindent=\dimen140
\caption@hangindent=\dimen141
)
\c@ContinuedFloat=\count154
Package caption Info: hyperref package is loaded.
)
("C:\Users\Nasrul\AppData\Local\Programs\MiKTeX 2.9\tex\latex\caption\subcaptio
n.sty"
Package: subcaption 2018/05/01 v1.1-162 Sub-captions (AR)
\c@subfigure=\count155
\c@subtable=\count156
)
("C:\Users\Nasrul\AppData\Local\Programs\MiKTeX 2.9\tex\latex\booktabs\booktabs
.sty"
Package: booktabs 2005/04/14 v1.61803 publication quality tables
\heavyrulewidth=\dimen142
\lightrulewidth=\dimen143
\cmidrulewidth=\dimen144
\belowrulesep=\dimen145
\belowbottomsep=\dimen146
\aboverulesep=\dimen147
\abovetopsep=\dimen148
\cmidrulesep=\dimen149
\cmidrulekern=\dimen150
\defaultaddspace=\dimen151
\@cmidla=\count157
\@cmidlb=\count158
\@aboverulesep=\dimen152
\@belowrulesep=\dimen153
\@thisruleclass=\count159
\@lastruleclass=\count160
\@thisrulewidth=\dimen154
)
("C:\Users\Nasrul\AppData\Local\Programs\MiKTeX 2.9\tex\latex\multirow\multirow
.sty"
Package: multirow 2016/11/25 v2.2 Span multiple rows of a table
\multirow@colwidth=\skip64
\multirow@cntb=\count161
\multirow@dima=\skip65
\bigstrutjot=\dimen155
)
("C:\Users\Nasrul\AppData\Local\Programs\MiKTeX 2.9\tex\latex\xcolor\xcolor.sty
"
Package: xcolor 2016/05/11 v2.12 LaTeX color extensions (UK)

("C:\Users\Nasrul\AppData\Local\Programs\MiKTeX 2.9\tex\latex\graphics-cfg\colo
r.cfg"
File: color.cfg 2016/01/02 v1.6 sample color configuration
)
Package xcolor Info: Driver file: pdftex.def on input line 225.

("C:\Users\Nasrul\AppData\Local\Programs\MiKTeX 2.9\tex\latex\colortbl\colortbl
.sty"
Package: colortbl 2018/05/02 v1.0c Color table columns (DPC)

("C:\Users\Nasrul\AppData\Local\Programs\MiKTeX 2.9\tex\latex\tools\array.sty"
Package: array 2018/04/30 v2.4h Tabular extension package (FMi)
\col@sep=\dimen156
\ar@mcellbox=\box33
\extrarowheight=\dimen157
\NC@list=\toks32
\extratabsurround=\skip66
\backup@length=\skip67
\ar@cellbox=\box34
)
\everycr=\toks33
\minrowclearance=\skip68
)
LaTeX Info: Redefining \color on input line 709.
\rownum=\count162
Package xcolor Info: Model `cmy' substituted by `cmy0' on input line 1348.
Package xcolor Info: Model `hsb' substituted by `rgb' on input line 1352.
Package xcolor Info: Model `RGB' extended on input line 1364.
Package xcolor Info: Model `HTML' substituted by `rgb' on input line 1366.
Package xcolor Info: Model `Hsb' substituted by `hsb' on input line 1367.
Package xcolor Info: Model `tHsb' substituted by `hsb' on input line 1368.
Package xcolor Info: Model `HSB' substituted by `hsb' on input line 1369.
Package xcolor Info: Model `Gray' substituted by `gray' on input line 1370.
Package xcolor Info: Model `wave' substituted by `hsb' on input line 1371.
)
("C:\Users\Nasrul\AppData\Local\Programs\MiKTeX 2.9\tex\latex\tools\multicol.st
y"
Package: multicol 2018/04/20 v1.8s multicolumn formatting (FMi)
\c@tracingmulticols=\count163
\mult@box=\box35
\multicol@leftmargin=\dimen158
\c@unbalance=\count164
\c@collectmore=\count165
\doublecol@number=\count166
\multicoltolerance=\count167
\multicolpretolerance=\count168
\full@width=\dimen159
\page@free=\dimen160
\premulticols=\dimen161
\postmulticols=\dimen162
\multicolsep=\skip69
\multicolbaselineskip=\skip70
\partial@page=\box36
\last@line=\box37
\maxbalancingoverflow=\dimen163
\mult@rightbox=\box38
\mult@grightbox=\box39
\mult@gfirstbox=\box40
\mult@firstbox=\box41
\@tempa=\box42
\@tempa=\box43
\@tempa=\box44
\@tempa=\box45
\@tempa=\box46
\@tempa=\box47
\@tempa=\box48
\@tempa=\box49
\@tempa=\box50
\@tempa=\box51
\@tempa=\box52
\@tempa=\box53
\@tempa=\box54
\@tempa=\box55
\@tempa=\box56
\@tempa=\box57
\@tempa=\box58
\c@columnbadness=\count169
\c@finalcolumnbadness=\count170
\last@try=\dimen164
\multicolovershoot=\dimen165
\multicolundershoot=\dimen166
\mult@nat@firstbox=\box59
\colbreak@box=\box60
\mc@col@check@num=\count171
)
("C:\Users\Nasrul\AppData\Local\Programs\MiKTeX 2.9\tex\latex\tools\tabularx.st
y"
Package: tabularx 2016/02/03 v2.11b `tabularx' package (DPC)
\TX@col@width=\dimen167
\TX@old@table=\dimen168
\TX@old@col=\dimen169
\TX@target=\dimen170
\TX@delta=\dimen171
\TX@cols=\count172
\TX@ftn=\toks34
)
("C:\Users\Nasrul\AppData\Local\Programs\MiKTeX 2.9\tex\latex\siunitx\siunitx.s
ty"
("C:\Users\Nasrul\AppData\Local\Programs\MiKTeX 2.9\tex\latex\l3kernel\expl3.st
y"
Package: expl3 2018-06-14 L3 programming layer (loader) 

("C:\Users\Nasrul\AppData\Local\Programs\MiKTeX 2.9\tex\latex\l3kernel\expl3-co
de.tex"
Package: expl3 2018-06-14 L3 programming layer (code)
\c_max_int=\count173
\l_tmpa_int=\count174
\l_tmpb_int=\count175
\g_tmpa_int=\count176
\g_tmpb_int=\count177
\g__kernel_prg_map_int=\count178
\c_log_iow=\count179
\l_iow_line_count_int=\count180
\l__iow_line_target_int=\count181
\l__iow_one_indent_int=\count182
\l__iow_indent_int=\count183
\c_zero_dim=\dimen172
\c_max_dim=\dimen173
\l_tmpa_dim=\dimen174
\l_tmpb_dim=\dimen175
\g_tmpa_dim=\dimen176
\g_tmpb_dim=\dimen177
\c_zero_skip=\skip71
\c_max_skip=\skip72
\l_tmpa_skip=\skip73
\l_tmpb_skip=\skip74
\g_tmpa_skip=\skip75
\g_tmpb_skip=\skip76
\c_zero_muskip=\muskip12
\c_max_muskip=\muskip13
\l_tmpa_muskip=\muskip14
\l_tmpb_muskip=\muskip15
\g_tmpa_muskip=\muskip16
\g_tmpb_muskip=\muskip17
\l_keys_choice_int=\count184
\l__intarray_loop_int=\count185
\c__intarray_sp_dim=\dimen178
\g__intarray_font_int=\count186
\c__fp_leading_shift_int=\count187
\c__fp_middle_shift_int=\count188
\c__fp_trailing_shift_int=\count189
\c__fp_big_leading_shift_int=\count190
\c__fp_big_middle_shift_int=\count191
\c__fp_big_trailing_shift_int=\count192
\c__fp_Bigg_leading_shift_int=\count193
\c__fp_Bigg_middle_shift_int=\count194
\c__fp_Bigg_trailing_shift_int=\count195
\c__kernel_randint_max_int=\count196
\g__fp_array_int=\count197
\l__fp_array_loop_int=\count198
\l__sort_length_int=\count199
\l__sort_min_int=\count266
\l__sort_top_int=\count267
\l__sort_max_int=\count268
\l__sort_true_max_int=\count269
\l__sort_block_int=\count270
\l__sort_begin_int=\count271
\l__sort_end_int=\count272
\l__sort_A_int=\count273
\l__sort_B_int=\count274
\l__sort_C_int=\count275
\l__tl_analysis_normal_int=\count276
\l__tl_analysis_index_int=\count277
\l__tl_analysis_nesting_int=\count278
\l__tl_analysis_type_int=\count279
\l__regex_internal_a_int=\count280
\l__regex_internal_b_int=\count281
\l__regex_internal_c_int=\count282
\l__regex_balance_int=\count283
\l__regex_group_level_int=\count284
\l__regex_mode_int=\count285
\c__regex_cs_in_class_mode_int=\count286
\c__regex_cs_mode_int=\count287
\l__regex_catcodes_int=\count288
\l__regex_default_catcodes_int=\count289
\c__regex_catcode_D_int=\count290
\c__regex_catcode_S_int=\count291
\c__regex_catcode_L_int=\count292
\c__regex_catcode_O_int=\count293
\c__regex_catcode_A_int=\count294
\c__regex_all_catcodes_int=\count295
\l__regex_show_lines_int=\count296
\l__regex_min_state_int=\count297
\l__regex_max_state_int=\count298
\l__regex_left_state_int=\count299
\l__regex_right_state_int=\count300
\l__regex_capturing_group_int=\count301
\l__regex_min_pos_int=\count302
\l__regex_max_pos_int=\count303
\l__regex_curr_pos_int=\count304
\l__regex_start_pos_int=\count305
\l__regex_success_pos_int=\count306
\l__regex_curr_char_int=\count307
\l__regex_curr_catcode_int=\count308
\l__regex_last_char_int=\count309
\l__regex_case_changed_char_int=\count310
\l__regex_curr_state_int=\count311
\l__regex_step_int=\count312
\l__regex_min_active_int=\count313
\l__regex_max_active_int=\count314
\l__regex_replacement_csnames_int=\count315
\l__regex_match_count_int=\count316
\l__regex_min_submatch_int=\count317
\l__regex_submatch_int=\count318
\l__regex_zeroth_submatch_int=\count319
\g__regex_trace_regex_int=\count320
\c_empty_box=\box61
\l_tmpa_box=\box62
\l_tmpb_box=\box63
\g_tmpa_box=\box64
\g_tmpb_box=\box65
\l__box_top_dim=\dimen179
\l__box_bottom_dim=\dimen180
\l__box_left_dim=\dimen181
\l__box_right_dim=\dimen182
\l__box_top_new_dim=\dimen183
\l__box_bottom_new_dim=\dimen184
\l__box_left_new_dim=\dimen185
\l__box_right_new_dim=\dimen186
\l__box_internal_box=\box66
\l__coffin_internal_box=\box67
\l__coffin_internal_dim=\dimen187
\l__coffin_offset_x_dim=\dimen188
\l__coffin_offset_y_dim=\dimen189
\l__coffin_x_dim=\dimen190
\l__coffin_y_dim=\dimen191
\l__coffin_x_prime_dim=\dimen192
\l__coffin_y_prime_dim=\dimen193
\c_empty_coffin=\box68
\l__coffin_aligned_coffin=\box69
\l__coffin_aligned_internal_coffin=\box70
\l_tmpa_coffin=\box71
\l_tmpb_coffin=\box72
\l__coffin_display_coffin=\box73
\l__coffin_display_coord_coffin=\box74
\l__coffin_display_pole_coffin=\box75
\l__coffin_display_offset_dim=\dimen194
\l__coffin_display_x_dim=\dimen195
\l__coffin_display_y_dim=\dimen196
\g__file_internal_ior=\read1
\l__coffin_bounding_shift_dim=\dimen197
\l__coffin_left_corner_dim=\dimen198
\l__coffin_right_corner_dim=\dimen199
\l__coffin_bottom_corner_dim=\dimen256
\l__coffin_top_corner_dim=\dimen257
\l__coffin_scaled_total_height_dim=\dimen258
\l__coffin_scaled_width_dim=\dimen259
\l__seq_internal_a_int=\count321
\l__seq_internal_b_int=\count322
)
("C:\Users\Nasrul\AppData\Local\Programs\MiKTeX 2.9\tex\latex\l3kernel\l3pdfmod
e.def"
File: l3pdfmode.def 2018-06-14 v L3 Experimental driver: PDF mode
\l__driver_color_stack_int=\count323
))
("C:\Users\Nasrul\AppData\Local\Programs\MiKTeX 2.9\tex\latex\l3packages\xparse
\xparse.sty"
Package: xparse 2018-05-12 L3 Experimental document command parser
\l__xparse_current_arg_int=\count324
\g__xparse_grabber_int=\count325
\l__xparse_m_args_int=\count326
\l__xparse_mandatory_args_int=\count327
\l__xparse_v_nesting_int=\count328
)
Package: siunitx 2018/05/17 v2.7s A comprehensive (SI) units package

("C:\Users\Nasrul\AppData\Local\Programs\MiKTeX 2.9\tex\latex\l3packages\l3keys
2e\l3keys2e.sty"
Package: l3keys2e 2018-05-12 LaTeX2e option processing using LaTeX3 keys
)
\l__siunitx_tmp_box=\box76
\l__siunitx_tmp_dim=\dimen260
\l__siunitx_tmp_int=\count329
\l__siunitx_number_mantissa_length_int=\count330
\l__siunitx_number_uncert_length_int=\count331
\l__siunitx_round_int=\count332
\l__siunitx_process_decimal_int=\count333
\l__siunitx_process_uncertainty_int=\count334
\l__siunitx_process_fixed_int=\count335
\l__siunitx_process_integer_min_int=\count336
\l__siunitx_process_precision_int=\count337
\l__siunitx_group_min_int=\count338
\l__siunitx_angle_marker_box=\box77
\l__siunitx_angle_unit_box=\box78
\l__siunitx_angle_marker_dim=\dimen261
\l__siunitx_angle_unit_dim=\dimen262
\l__siunitx_unit_int=\count339
\l__siunitx_unit_denominator_int=\count340
\l__siunitx_unit_numerator_int=\count341
\l__siunitx_unit_prefix_int=\count342
\l__siunitx_unit_prefix_base_int=\count343
\l__siunitx_unit_prefix_gram_int=\count344
\l__siunitx_number_product_int=\count345
\c__siunitx_one_fill_skip=\skip77
\l__siunitx_table_unit_align_skip=\skip78
\l__siunitx_table_exponent_dim=\dimen263
\l__siunitx_table_integer_dim=\dimen264
\l__siunitx_table_mantissa_dim=\dimen265
\l__siunitx_table_marker_dim=\dimen266
\l__siunitx_table_result_dim=\dimen267
\l__siunitx_table_uncert_dim=\dimen268
\l__siunitx_table_fill_pre_dim=\dimen269
\l__siunitx_table_fill_post_dim=\dimen270
\l__siunitx_table_fill_mid_dim=\dimen271
\l__siunitx_table_pre_box=\box79
\l__siunitx_table_post_box=\box80
\l__siunitx_table_mantissa_box=\box81
\l__siunitx_table_result_box=\box82
\l__siunitx_table_number_align_skip=\skip79
\l__siunitx_table_text_align_skip=\skip80
.................................................
. LaTeX info: "xparse/define-command"
. 
. Defining command \DeclareBinaryPrefix with sig. 'mmm' on line 7237.
.................................................
.................................................
. LaTeX info: "xparse/define-command"
. 
. Defining command \DeclareSIPostPower with sig. 'mm' on line 7240.
.................................................
.................................................
. LaTeX info: "xparse/define-command"
. 
. Defining command \DeclareSIPrefix with sig. 'mmm' on line 7243.
.................................................
.................................................
. LaTeX info: "xparse/define-command"
. 
. Defining command \DeclareSIPrePower with sig. 'mm' on line 7246.
.................................................
.................................................
. LaTeX info: "xparse/define-command"
. 
. Defining command \DeclareSIQualifier with sig. 'mm' on line 7249.
.................................................
.................................................
. LaTeX info: "xparse/define-command"
. 
. Defining command \DeclareSIUnit with sig. 'O{}mm' on line 7252.
.................................................
.................................................
. LaTeX info: "xparse/define-command"
. 
. Defining command \DeclareSIUnitWithOptions with sig. 'mmm' on line 7255.
.................................................
.................................................
. LaTeX info: "xparse/define-command"
. 
. Defining command \ang with sig. 'o>{\SplitArgument {2}{;}}m' on line 7270.
.................................................
.................................................
. LaTeX info: "xparse/define-command"
. 
. Defining command \num with sig. 'om' on line 7279.
.................................................
.................................................
. LaTeX info: "xparse/define-command"
. 
. Defining command \numlist with sig. 'o>{\SplitList {;}}m' on line 7288.
.................................................
.................................................
. LaTeX info: "xparse/define-command"
. 
. Defining command \numrange with sig. 'omm' on line 7297.
.................................................
.................................................
. LaTeX info: "xparse/define-command"
. 
. Defining command \SIlist with sig. 'o>{\SplitList {;}}mm' on line 7309.
.................................................
.................................................
. LaTeX info: "xparse/define-command"
. 
. Defining command \SIrange with sig. 'ommm' on line 7321.
.................................................
.................................................
. LaTeX info: "xparse/define-command"
. 
. Defining command \SI with sig. 'omom' on line 7333.
.................................................
.................................................
. LaTeX info: "xparse/define-command"
. 
. Defining command \sisetup with sig. 'm' on line 7336.
.................................................
.................................................
. LaTeX info: "xparse/define-command"
. 
. Defining command \tablenum with sig. 'om' on line 7351.
.................................................
.................................................
. LaTeX info: "xparse/define-command"
. 
. Defining command \si with sig. 'om' on line 7363.
.................................................
.................................................
. LaTeX info: "xparse/define-command"
. 
. Defining command \numInBookmark with sig. 'om' on line 7410.
.................................................
.................................................
. LaTeX info: "xparse/define-command"
. 
. Defining command \numrangeInBookmark with sig. 'omm' on line 7412.
.................................................
.................................................
. LaTeX info: "xparse/define-command"
. 
. Defining command \SIInBookmark with sig. 'omom' on line 7414.
.................................................
.................................................
. LaTeX info: "xparse/define-command"
. 
. Defining command \SIlistInBookmark with sig. 'omm' on line 7416.
.................................................
.................................................
. LaTeX info: "xparse/define-command"
. 
. Defining command \SIrangeInBookmark with sig. 'ommm' on line 7418.
.................................................
.................................................
. LaTeX info: "xparse/define-command"
. 
. Defining command \siInBookmark with sig. 'om' on line 7419.
.................................................

("C:\Users\Nasrul\AppData\Local\Programs\MiKTeX 2.9\tex\latex\translator\transl
ator.sty"
Package: translator 2018/01/04 v1.12 Easy translation of strings in LaTeX
))
("C:\Users\Nasrul\AppData\Local\Programs\MiKTeX 2.9\tex\latex\listings\listings
.sty"
\lst@mode=\count346
\lst@gtempboxa=\box83
\lst@token=\toks35
\lst@length=\count347
\lst@currlwidth=\dimen272
\lst@column=\count348
\lst@pos=\count349
\lst@lostspace=\dimen273
\lst@width=\dimen274
\lst@newlines=\count350
\lst@lineno=\count351
\lst@maxwidth=\dimen275

("C:\Users\Nasrul\AppData\Local\Programs\MiKTeX 2.9\tex\latex\listings\lstmisc.
sty"
File: lstmisc.sty 2015/06/04 1.6 (Carsten Heinz)
\c@lstnumber=\count352
\lst@skipnumbers=\count353
\lst@framebox=\box84
)
("C:\Users\Nasrul\AppData\Local\Programs\MiKTeX 2.9\tex\latex\listings\listings
.cfg"
File: listings.cfg 2015/06/04 1.6 listings configuration
))
Package: listings 2015/06/04 1.6 (Carsten Heinz)

("C:\Users\Nasrul\AppData\Local\Programs\MiKTeX 2.9\tex\latex\titlesec\titlesec
.sty"
Package: titlesec 2016/03/21 v2.10.2 Sectioning titles
\ttl@box=\box85
\beforetitleunit=\skip81
\aftertitleunit=\skip82
\ttl@plus=\dimen276
\ttl@minus=\dimen277
\ttl@toksa=\toks36
\titlewidth=\dimen278
\titlewidthlast=\dimen279
\titlewidthfirst=\dimen280
)
("C:\Users\Nasrul\AppData\Local\Programs\MiKTeX 2.9\tex\latex\ms\ragged2e.sty"
Package: ragged2e 2009/05/21 v2.1 ragged2e Package (MS)

("C:\Users\Nasrul\AppData\Local\Programs\MiKTeX 2.9\tex\latex\ms\everysel.sty"
Package: everysel 2011/10/28 v1.2 EverySelectfont Package (MS)
)
\CenteringLeftskip=\skip83
\RaggedLeftLeftskip=\skip84
\RaggedRightLeftskip=\skip85
\CenteringRightskip=\skip86
\RaggedLeftRightskip=\skip87
\RaggedRightRightskip=\skip88
\CenteringParfillskip=\skip89
\RaggedLeftParfillskip=\skip90
\RaggedRightParfillskip=\skip91
\JustifyingParfillskip=\skip92
\CenteringParindent=\skip93
\RaggedLeftParindent=\skip94
\RaggedRightParindent=\skip95
\JustifyingParindent=\skip96
)) (thesis-info.tex) (thesis.aux (Cover/Cover.aux) (Abstract/abstract.aux)
(Abstract_en/abstract.aux) (Chapter1/chapter1.aux) (Chapter2/chapter2.aux)
(Chapter3/chapter3.aux) (Chapter4/chapter4.aux))
\openout1 = `thesis.aux'.

LaTeX Font Info:    Checking defaults for OML/cmm/m/it on input line 21.
LaTeX Font Info:    ... okay on input line 21.
LaTeX Font Info:    Checking defaults for T1/cmr/m/n on input line 21.
LaTeX Font Info:    ... okay on input line 21.
LaTeX Font Info:    Checking defaults for OT1/cmr/m/n on input line 21.
LaTeX Font Info:    ... okay on input line 21.
LaTeX Font Info:    Checking defaults for OMS/cmsy/m/n on input line 21.
LaTeX Font Info:    ... okay on input line 21.
LaTeX Font Info:    Checking defaults for OMX/cmex/m/n on input line 21.
LaTeX Font Info:    ... okay on input line 21.
LaTeX Font Info:    Checking defaults for U/cmr/m/n on input line 21.
LaTeX Font Info:    ... okay on input line 21.
LaTeX Font Info:    Checking defaults for TS1/cmr/m/n on input line 21.
LaTeX Font Info:    Try loading font information for TS1+cmr on input line 21.

("C:\Users\Nasrul\AppData\Local\Programs\MiKTeX 2.9\tex\latex\base\ts1cmr.fd"
File: ts1cmr.fd 2014/09/29 v2.5h Standard LaTeX font definitions
)
LaTeX Font Info:    ... okay on input line 21.
LaTeX Font Info:    Checking defaults for PD1/pdf/m/n on input line 21.
LaTeX Font Info:    ... okay on input line 21.
LaTeX Font Info:    Checking defaults for PU/pdf/m/n on input line 21.
LaTeX Font Info:    ... okay on input line 21.
LaTeX Font Info:    Try loading font information for T1+ptm on input line 21.

("C:\Users\Nasrul\AppData\Local\Programs\MiKTeX 2.9\tex\latex\psnfss\t1ptm.fd"
File: t1ptm.fd 2001/06/04 font definitions for T1/ptm.
)
("C:\Users\Nasrul\AppData\Local\Programs\MiKTeX 2.9\tex\context\base\supp-pdf.m
kii"
[Loading MPS to PDF converter (version 2006.09.02).]
\scratchcounter=\count354
\scratchdimen=\dimen281
\scratchbox=\box86
\nofMPsegments=\count355
\nofMParguments=\count356
\everyMPshowfont=\toks37
\MPscratchCnt=\count357
\MPscratchDim=\dimen282
\MPnumerator=\count358
\makeMPintoPDFobject=\count359
\everyMPtoPDFconversion=\toks38
)
("C:\Users\Nasrul\AppData\Local\Programs\MiKTeX 2.9\tex\latex\fmtcount\fc-engli
sh.def"
File: fc-english.def 2016/01/12
)
LaTeX Info: Redefining \microtypecontext on input line 21.
Package microtype Info: Generating PDF output.
Package microtype Info: Character protrusion enabled (level 2).
Package microtype Info: Using default protrusion set `alltext'.
Package microtype Info: Automatic font expansion enabled (level 2),
(microtype)             stretch: 20, shrink: 20, step: 1, non-selected.
Package microtype Info: Using default expansion set `basictext'.
Package microtype Info: No adjustment of tracking.
Package microtype Info: No adjustment of interword spacing.
Package microtype Info: No adjustment of character kerning.

("C:\Users\Nasrul\AppData\Local\Programs\MiKTeX 2.9\tex\latex\microtype\mt-ptm.
cfg"
File: mt-ptm.cfg 2006/04/20 v1.7 microtype config. file: Times (RS)
)
\AtBeginShipoutBox=\box87
Package hyperref Info: Link coloring ON on input line 21.

("C:\Users\Nasrul\AppData\Local\Programs\MiKTeX 2.9\tex\latex\hyperref\nameref.
sty"
Package: nameref 2016/05/21 v2.44 Cross-referencing by name of section

("C:\Users\Nasrul\AppData\Local\Programs\MiKTeX 2.9\tex\generic\oberdiek\gettit
lestring.sty"
Package: gettitlestring 2016/05/16 v1.5 Cleanup title references (HO)
)
\c@section@level=\count360
)
LaTeX Info: Redefining \ref on input line 21.
LaTeX Info: Redefining \pageref on input line 21.
LaTeX Info: Redefining \nameref on input line 21.
 (thesis.out) (thesis.out)
\@outlinefile=\write5
\openout5 = `thesis.out'.


("C:\Users\Nasrul\AppData\Local\Programs\MiKTeX 2.9\tex\latex\oberdiek\pdflscap
e.sty"
Package: pdflscape 2016/05/14 v0.11 Display of landscape pages in PDF (HO)
Package pdflscape Info: Auto-detected driver: pdftex on input line 81.
)
*geometry* driver: auto-detecting
*geometry* detected driver: pdftex
*geometry* verbose mode - [ preamble ] result:
* driver: pdftex
* paper: a4paper
* layout: <same size as paper>
* layoutoffset:(h,v)=(0.0pt,0.0pt)
* modes: twoside 
* h-part:(L,W,R)=(99.58464pt, 412.56497pt, 85.35826pt)
* v-part:(T,H,B)=(99.58464pt, 660.10394pt, 85.35826pt)
* \paperwidth=597.50787pt
* \paperheight=845.04684pt
* \textwidth=412.56497pt
* \textheight=660.10394pt
* \oddsidemargin=27.31465pt
* \evensidemargin=13.08827pt
* \topmargin=-7.05914pt
* \headheight=14.5pt
* \headsep=19.8738pt
* \topskip=12.0pt
* \footskip=30.0pt
* \marginparwidth=88.0pt
* \marginparsep=7.0pt
* \columnsep=10.0pt
* \skip\footins=10.8pt plus 4.0pt minus 2.0pt
* \hoffset=0.0pt
* \voffset=0.0pt
* \mag=1000
* \@twocolumnfalse
* \@twosidetrue
* \@mparswitchtrue
* \@reversemarginfalse
* (1in=72.27pt=25.4mm, 1cm=28.453pt)

Package caption Info: Begin \AtBeginDocument code.
Package caption Info: listings package is loaded.
Package caption Info: End \AtBeginDocument code.

("C:\Users\Nasrul\AppData\Local\Programs\MiKTeX 2.9\tex\latex\translator\transl
ator-basic-dictionary-English.dict"
Dictionary: translator-basic-dictionary, Language: English 
)
("C:\Users\Nasrul\AppData\Local\Programs\MiKTeX 2.9\tex\latex\siunitx\siunitx-a
bbreviations.cfg"
File: siunitx-abbreviations.cfg 2017/11/26 v2.7k siunitx: Abbreviated units
)
\c@lstlisting=\count361
 ABD: EverySelectfont initializing macros
LaTeX Info: Redefining \selectfont on input line 21.
LaTeX Font Info:    Try loading font information for OT1+ztmcm on input line 21
.

("C:\Users\Nasrul\AppData\Local\Programs\MiKTeX 2.9\tex\latex\psnfss\ot1ztmcm.f
d"
File: ot1ztmcm.fd 2000/01/03 Fontinst v1.801 font definitions for OT1/ztmcm.
)
Package microtype Info: Loading generic protrusion settings for font family
(microtype)             `ztmcm' (encoding: OT1).
(microtype)             For optimal results, create family-specific settings.
(microtype)             See the microtype manual for details.
LaTeX Font Info:    Try loading font information for OML+ztmcm on input line 21
.

("C:\Users\Nasrul\AppData\Local\Programs\MiKTeX 2.9\tex\latex\psnfss\omlztmcm.f
d"
File: omlztmcm.fd 2000/01/03 Fontinst v1.801 font definitions for OML/ztmcm.
)
LaTeX Font Info:    Try loading font information for OMS+ztmcm on input line 21
.

("C:\Users\Nasrul\AppData\Local\Programs\MiKTeX 2.9\tex\latex\psnfss\omsztmcm.f
d"
File: omsztmcm.fd 2000/01/03 Fontinst v1.801 font definitions for OMS/ztmcm.
)
LaTeX Font Info:    Try loading font information for OMX+ztmcm on input line 21
.

("C:\Users\Nasrul\AppData\Local\Programs\MiKTeX 2.9\tex\latex\psnfss\omxztmcm.f
d"
File: omxztmcm.fd 2000/01/03 Fontinst v1.801 font definitions for OMX/ztmcm.
)
LaTeX Font Info:    Try loading font information for OT1+ptm on input line 21.

("C:\Users\Nasrul\AppData\Local\Programs\MiKTeX 2.9\tex\latex\psnfss\ot1ptm.fd"
File: ot1ptm.fd 2001/06/04 font definitions for OT1/ptm.
)
LaTeX Font Info:    Font shape `OT1/ptm/bx/n' in size <12> not available
(Font)              Font shape `OT1/ptm/b/n' tried instead on input line 21.
LaTeX Font Info:    Font shape `OT1/ptm/bx/n' in size <9> not available
(Font)              Font shape `OT1/ptm/b/n' tried instead on input line 21.
LaTeX Font Info:    Font shape `OT1/ptm/bx/n' in size <7> not available
(Font)              Font shape `OT1/ptm/b/n' tried instead on input line 21.

("C:\Users\Nasrul\AppData\Local\Programs\MiKTeX 2.9\tex\latex\microtype\mt-msa.
cfg"
File: mt-msa.cfg 2006/02/04 v1.1 microtype config. file: AMS symbols (a) (RS)
)
("C:\Users\Nasrul\AppData\Local\Programs\MiKTeX 2.9\tex\latex\microtype\mt-msb.
cfg"
File: mt-msb.cfg 2005/06/01 v1.0 microtype config. file: AMS symbols (b) (RS)
)
Package microtype Info: Loading generic protrusion settings for font family
(microtype)             `cmss' (encoding: OT1).
(microtype)             For optimal results, create family-specific settings.
(microtype)             See the microtype manual for details.
Package microtype Info: Loading generic protrusion settings for font family
(microtype)             `cmtt' (encoding: OT1).
(microtype)             For optimal results, create family-specific settings.
(microtype)             See the microtype manual for details.
\openout2 = `Cover/Cover.aux'.

 (Cover/Cover.tex

pdfTeX warning: pdflatex.exe (file ./cover.pdf): PDF inclusion: found PDF versi
on <1.7>, but at most version <1.5> allowed
<cover.pdf, id=163, 597.55246pt x 845.07718pt>
File: cover.pdf Graphic file (type pdf)
<use cover.pdf>
Package pdftex.def Info: cover.pdf  used on input line 2.
(pdftex.def)             Requested size: 597.551pt x 845.07512pt.


pdfTeX warning: pdflatex.exe (file ./cover.pdf): PDF inclusion: found PDF versi
on <1.7>, but at most version <1.5> allowed
File: cover.pdf Graphic file (type pdf)
<use cover.pdf>
Package pdftex.def Info: cover.pdf  used on input line 2.
(pdftex.def)             Requested size: 597.551pt x 845.07512pt.


pdfTeX warning: pdflatex.exe (file ./cover.pdf): PDF inclusion: found PDF versi
on <1.7>, but at most version <1.5> allowed


pdfTeX warning: pdflatex.exe (file ./cover.pdf): PDF inclusion: found PDF versi
on <1.7>, but at most version <1.5> allowed
<cover.pdf, id=166, page=1, 597.55246pt x 845.07718pt>
File: cover.pdf Graphic file (type pdf)
<use cover.pdf, page 1>
Package pdftex.def Info: cover.pdf , page1 used on input line 2.
(pdftex.def)             Requested size: 597.551pt x 845.07512pt.
File: cover.pdf Graphic file (type pdf)
<use cover.pdf, page 1>
Package pdftex.def Info: cover.pdf , page1 used on input line 2.
(pdftex.def)             Requested size: 597.551pt x 845.07512pt.
File: cover.pdf Graphic file (type pdf)
<use cover.pdf, page 1>
Package pdftex.def Info: cover.pdf , page1 used on input line 2.
(pdftex.def)             Requested size: 597.551pt x 845.07512pt.
File: cover.pdf Graphic file (type pdf)
<use cover.pdf, page 1>
Package pdftex.def Info: cover.pdf , page1 used on input line 2.
(pdftex.def)             Requested size: 597.551pt x 845.07512pt.
[1



 <./cover.pdf>]) [2


]
<scan.pdf, id=188, 746.79pt x 1058.95625pt>
File: scan.pdf Graphic file (type pdf)
<use scan.pdf>
Package pdftex.def Info: scan.pdf  used on input line 29.
(pdftex.def)             Requested size: 746.78816pt x 1058.95367pt.
File: scan.pdf Graphic file (type pdf)
<use scan.pdf>
Package pdftex.def Info: scan.pdf  used on input line 29.
(pdftex.def)             Requested size: 746.78816pt x 1058.95367pt.
<scan.pdf, id=191, page=1, 746.79pt x 1058.95625pt>
File: scan.pdf Graphic file (type pdf)
<use scan.pdf, page 1>
Package pdftex.def Info: scan.pdf , page1 used on input line 29.
(pdftex.def)             Requested size: 746.78816pt x 1058.95367pt.
File: scan.pdf Graphic file (type pdf)
<use scan.pdf, page 1>
Package pdftex.def Info: scan.pdf , page1 used on input line 29.
(pdftex.def)             Requested size: 596.46422pt x 845.79271pt.
File: scan.pdf Graphic file (type pdf)
<use scan.pdf, page 1>
Package pdftex.def Info: scan.pdf , page1 used on input line 29.
(pdftex.def)             Requested size: 596.46422pt x 845.79271pt.
File: scan.pdf Graphic file (type pdf)
<use scan.pdf, page 1>
Package pdftex.def Info: scan.pdf , page1 used on input line 29.
(pdftex.def)             Requested size: 596.46422pt x 845.79271pt.
File: scan.pdf Graphic file (type pdf)
<use scan.pdf, page 1>
Package pdftex.def Info: scan.pdf , page1 used on input line 29.
(pdftex.def)             Requested size: 596.46422pt x 845.79271pt.
 [1 <./scan.pdf

pdfTeX warning: pdflatex.exe (file ./scan.pdf): PDF inclusion: invalid other re
source which is no dict (key 'ProcSets', type <array>); ignored.
>]
\openout2 = `Abstract/abstract.aux'.

 (Abstract/abstract.tex [2


]
LaTeX Font Info:    Font shape `T1/ptm/bx/n' in size <12> not available
(Font)              Font shape `T1/ptm/b/n' tried instead on input line 3.
LaTeX Font Info:    Font shape `T1/ptm/bx/n' in size <14.4> not available
(Font)              Font shape `T1/ptm/b/n' tried instead on input line 3.
) [3

{C:/Users/Nasrul/AppData/Local/MiKTeX/2.9/pdftex/config/pdftex.map}]
\openout2 = `Abstract_en/abstract.aux'.

 (Abstract_en/abstract.tex [4



]
LaTeX Font Info:    Font shape `T1/ptm/bx/it' in size <14.4> not available
(Font)              Font shape `T1/ptm/b/it' tried instead on input line 3.
LaTeX Font Info:    Font shape `T1/ptm/bx/it' in size <12> not available
(Font)              Font shape `T1/ptm/b/it' tried instead on input line 8.
) [5

] [6


] (thesis.toc
[7

])
\tf@toc=\write6
\openout6 = `thesis.toc'.

 [8] (thesis.lof)
\tf@lof=\write7
\openout7 = `thesis.lof'.

 [9

] [10

] (thesis.lot)
\tf@lot=\write8
\openout8 = `thesis.lot'.

 [11] [12

]
\openout2 = `Chapter1/chapter1.aux'.

 (Chapter1/chapter1.tex
BAB 1.
<Chapter1/Figs/chart_penderita_jantung.png, id=339, 400.49625pt x 259.56975pt>
File: Chapter1/Figs/chart_penderita_jantung.png Graphic file (type png)
<use Chapter1/Figs/chart_penderita_jantung.png>
Package pdftex.def Info: Chapter1/Figs/chart_penderita_jantung.png  used on inp
ut line 32.
(pdftex.def)             Requested size: 288.79422pt x 187.18315pt.
pdfTeX warning (ext4): destination with the same identifier (name{page.1}) has 
been already used, duplicate ignored
<to be read again> 
                   \relax 
l.41 
      [1


 <./Chapter1/Figs/chart_penderita_jantung.png>]
<Chapter1/Figs/baby.png, id=349, 118.041pt x 84.91725pt>
File: Chapter1/Figs/baby.png Graphic file (type png)
<use Chapter1/Figs/baby.png>
Package pdftex.def Info: Chapter1/Figs/baby.png  used on input line 47.
(pdftex.def)             Requested size: 202.15909pt x 145.44193pt.
<Chapter1/Figs/adult.png, id=350, 112.0185pt x 86.12175pt>
File: Chapter1/Figs/adult.png Graphic file (type png)
<use Chapter1/Figs/adult.png>
Package pdftex.def Info: Chapter1/Figs/adult.png  used on input line 51.
(pdftex.def)             Requested size: 202.15909pt x 155.42639pt.
pdfTeX warning (ext4): destination with the same identifier (name{page.2}) has 
been already used, duplicate ignored
<to be read again> 
                   \relax 
l.63 
      [2 <./Chapter1/Figs/baby.png> <./Chapter1/Figs/adult.png>] [3] [4]
LaTeX Font Info:    Try loading font information for TS1+ptm on input line 109.


("C:\Users\Nasrul\AppData\Local\Programs\MiKTeX 2.9\tex\latex\psnfss\ts1ptm.fd"
File: ts1ptm.fd 2001/06/04 font definitions for TS1/ptm.
) [5]) [6]
\openout2 = `Chapter2/chapter2.aux'.

 (Chapter2/chapter2.tex
BAB 2.
<Chapter2/Figs/light.png, id=428, 308.352pt x 275.22826pt>
File: Chapter2/Figs/light.png Graphic file (type png)
<use Chapter2/Figs/light.png>
Package pdftex.def Info: Chapter2/Figs/light.png  used on input line 25.
(pdftex.def)             Requested size: 247.54149pt x 220.95143pt.
[7



] [8 <./Chapter2/Figs/light.png>]
<Chapter2/Figs/Normal_ECG.png, id=454, 483.60675pt x 226.446pt>
File: Chapter2/Figs/Normal_ECG.png Graphic file (type png)
<use Chapter2/Figs/Normal_ECG.png>
Package pdftex.def Info: Chapter2/Figs/Normal_ECG.png  used on input line 44.
(pdftex.def)             Requested size: 202.15909pt x 94.66093pt.
<Chapter2/Figs/wave_and_complex.png, id=455, 637.78275pt x 427.5975pt>
File: Chapter2/Figs/wave_and_complex.png Graphic file (type png)
<use Chapter2/Figs/wave_and_complex.png>
Package pdftex.def Info: Chapter2/Figs/wave_and_complex.png  used on input line
 48.
(pdftex.def)             Requested size: 202.15909pt x 135.5356pt.
<Chapter2/Figs/ppg.png, id=459, 473.97075pt x 366.77025pt>
File: Chapter2/Figs/ppg.png Graphic file (type png)
<use Chapter2/Figs/ppg.png>
Package pdftex.def Info: Chapter2/Figs/ppg.png  used on input line 75.
(pdftex.def)             Requested size: 330.05322pt x 255.39986pt.
 [9 <./Chapter2/Figs/Normal_ECG.png> <./Chapter2/Figs/wave_and_complex.png>]
<Chapter2/Figs/ecg_and_ppg.png, id=479, 310.761pt x 172.84575pt>
File: Chapter2/Figs/ecg_and_ppg.png Graphic file (type png)
<use Chapter2/Figs/ecg_and_ppg.png>
Package pdftex.def Info: Chapter2/Figs/ecg_and_ppg.png  used on input line 87.
(pdftex.def)             Requested size: 247.54149pt x 137.68599pt.
 [10 <./Chapter2/Figs/ppg.png>]
<Chapter2/Figs/finger.png, id=489, 204.16275pt x 91.542pt>
File: Chapter2/Figs/finger.png Graphic file (type png)
<use Chapter2/Figs/finger.png>
Package pdftex.def Info: Chapter2/Figs/finger.png  used on input line 104.
(pdftex.def)             Requested size: 165.02347pt x 73.99496pt.
 [11 <./Chapter2/Figs/ecg_and_ppg.png> <./Chapter2/Figs/finger.png>] [12]
<Chapter2/Figs/wavelength.png, id=513, 353.52075pt x 180.675pt>
File: Chapter2/Figs/wavelength.png Graphic file (type png)
<use Chapter2/Figs/wavelength.png>
Package pdftex.def Info: Chapter2/Figs/wavelength.png  used on input line 155.
(pdftex.def)             Requested size: 330.05322pt x 168.6904pt.
 [13 <./Chapter2/Figs/wavelength.png>]
<Chapter2/Figs/ICA.png, id=538, 717.882pt x 368.577pt>
File: Chapter2/Figs/ICA.png Graphic file (type png)
<use Chapter2/Figs/ICA.png>
Package pdftex.def Info: Chapter2/Figs/ICA.png  used on input line 207.
(pdftex.def)             Requested size: 412.56497pt x 211.81763pt.
 [14] [15 <./Chapter2/Figs/ICA.png>]
<Chapter2/Figs/EVM.png, id=557, 922.04475pt x 356.532pt>
File: Chapter2/Figs/EVM.png Graphic file (type png)
<use Chapter2/Figs/EVM.png>
Package pdftex.def Info: Chapter2/Figs/EVM.png  used on input line 235.
(pdftex.def)             Requested size: 412.56497pt x 159.52939pt.
 [16] [17 <./Chapter2/Figs/EVM.png>]
<Chapter2/Figs/Compare.png, id=589, 416.15475pt x 235.47975pt>
File: Chapter2/Figs/Compare.png Graphic file (type png)
<use Chapter2/Figs/Compare.png>
Package pdftex.def Info: Chapter2/Figs/Compare.png  used on input line 260.
(pdftex.def)             Requested size: 330.05322pt x 186.77074pt.
 [18] [19 <./Chapter2/Figs/Compare.png>] [20]
<Chapter2/Figs/Sinus.png, id=620, 555.2745pt x 272.217pt>
File: Chapter2/Figs/Sinus.png Graphic file (type png)
<use Chapter2/Figs/Sinus.png>
Package pdftex.def Info: Chapter2/Figs/Sinus.png  used on input line 336.
(pdftex.def)             Requested size: 412.56497pt x 202.25983pt.
 [21 <./Chapter2/Figs/Sinus.png>]) [22]
\openout2 = `Chapter3/chapter3.aux'.

 (Chapter3/chapter3.tex
BAB 3.
<Chapter3/Figs/FlowChart.png, id=636, 695.59875pt x 707.0415pt>
File: Chapter3/Figs/FlowChart.png Graphic file (type png)
<use Chapter3/Figs/FlowChart.png>
Package pdftex.def Info: Chapter3/Figs/FlowChart.png  used on input line 19.
(pdftex.def)             Requested size: 412.56497pt x 419.35173pt.
[23



 <./Chapter3/Figs/FlowChart.png>]
<Chapter3/Figs/diagramblok.png, id=642, 785.334pt x 165.61874pt>
File: Chapter3/Figs/diagramblok.png Graphic file (type png)
<use Chapter3/Figs/diagramblok.png>
Package pdftex.def Info: Chapter3/Figs/diagramblok.png  used on input line 31.
(pdftex.def)             Requested size: 412.56497pt x 87.00673pt.
 [24 <./Chapter3/Figs/diagramblok.png>]
[25]
LaTeX Font Info:    Font shape `TS1/ptm/bx/n' in size <12> not available
(Font)              Font shape `TS1/ptm/b/n' tried instead on input line 119.
 [26]
<Chapter3/Figs/gui.png, id=661, 770.27776pt x 449.2785pt>
File: Chapter3/Figs/gui.png Graphic file (type png)
<use Chapter3/Figs/gui.png>
Package pdftex.def Info: Chapter3/Figs/gui.png  used on input line 133.
(pdftex.def)             Requested size: 330.05322pt x 192.51414pt.
 [27 <./Chapter3/Figs/gui.png>]) [28] (thesis.bbl [29



] [30] [31])
[32]
No file thesis.ind.
Package atveryend Info: Empty hook `BeforeClearDocument' on input line 77.
Package atveryend Info: Empty hook `AfterLastShipout' on input line 77.
(thesis.aux (Cover/Cover.aux) (Abstract/abstract.aux) (Abstract_en/abstract.aux
) (Chapter1/chapter1.aux) (Chapter2/chapter2.aux) (Chapter3/chapter3.aux))
Package atveryend Info: Executing hook `AtVeryEndDocument' on input line 77.
Package atveryend Info: Executing hook `AtEndAfterFileList' on input line 77.


Package rerunfilecheck Warning: File `thesis.out' has changed.
(rerunfilecheck)                Rerun to get outlines right
(rerunfilecheck)                or use package `bookmark'.

Package rerunfilecheck Info: Checksums for `thesis.out':
(rerunfilecheck)             Before: C694B5E6926BDBB86DDC009ADA0978B7;8177
(rerunfilecheck)             After:  576799D42CDB5FCF5D2FF6A886B64F1F;6439.
 ) 
Here is how much of TeX's memory you used:
 30678 strings out of 492973
 533733 string characters out of 3126250
 643263 words of memory out of 3000000
 33661 multiletter control sequences out of 15000+200000
 583872 words of font info for 238 fonts, out of 3000000 for 9000
 1141 hyphenation exceptions out of 8191
 55i,18n,92p,1640b,961s stack positions out of 5000i,500n,10000p,200000b,50000s
pdfTeX warning (dest): name{section.4.6} has been referenced but does not exi
st, replaced by a fixed one

pdfTeX warning (dest): name{section.4.5} has been referenced but does not exist
, replaced by a fixed one

pdfTeX warning (dest): name{section.4.4} has been referenced but does not exist
, replaced by a fixed one

pdfTeX warning (dest): name{section.4.3} has been referenced but does not exist
, replaced by a fixed one

pdfTeX warning (dest): name{section.4.2} has been referenced but does not exist
, replaced by a fixed one

pdfTeX warning (dest): name{section.4.1} has been referenced but does not exist
, replaced by a fixed one

pdfTeX warning (dest): name{chapter.4} has been referenced but does not exist, 
replaced by a fixed one

{C:/Users/Nasrul/AppData/Local/Programs/MiKTeX 2.9/fonts/enc/dvips/base/8r.enc}
<C:/Users/Nasrul/AppData/Local/Programs/MiKTeX 2.9/fonts/type1/public/amsfonts/
cm/cmmi10.pfb><C:/Users/Nasrul/AppData/Local/Programs/MiKTeX 2.9/fonts/type1/pu
blic/amsfonts/cm/cmr10.pfb><C:/Users/Nasrul/AppData/Local/Programs/MiKTeX 2.9/f
onts/type1/public/amsfonts/cm/cmsy10.pfb><C:/Users/Nasrul/AppData/Local/Program
s/MiKTeX 2.9/fonts/type1/urw/symbol/usyr.pfb><C:/Users/Nasrul/AppData/Local/Pro
grams/MiKTeX 2.9/fonts/type1/urw/symbol/usyr.pfb><C:/Users/Nasrul/AppData/Local
/Programs/MiKTeX 2.9/fonts/type1/urw/times/utmb8a.pfb><C:/Users/Nasrul/AppData/
Local/Programs/MiKTeX 2.9/fonts/type1/urw/times/utmbi8a.pfb><C:/Users/Nasrul/Ap
pData/Local/Programs/MiKTeX 2.9/fonts/type1/urw/times/utmr8a.pfb><C:/Users/Nasr
ul/AppData/Local/Programs/MiKTeX 2.9/fonts/type1/urw/times/utmri8a.pfb>
Output written on thesis.pdf (46 pages, 5722907 bytes).
PDF statistics:
 777 PDF objects out of 1000 (max. 8388607)
 178 named destinations out of 1000 (max. 500000)
 30654 words of extra memory for PDF output out of 35830 (max. 10000000)

